\BOOKMARK [0][-]{chapter*.2}{\376\377\004\022\004\062\004\065\004\064\004\065\004\075\004\070\004\065}{}% 1
\BOOKMARK [0][-]{chapter.9}{\376\377\0001\000\040\004\037\004\060\004\072\004\065\004\102\004\075\004\113\004\071\000\040\004\074\004\065\004\075\004\065\004\064\004\066\004\065\004\100}{}% 2
\BOOKMARK [1][-]{section.13}{\376\377\0001\000.\0001\000\040\000R\000P\000M\000:\000\040\004\076\004\101\004\075\004\076\004\062\004\075\004\076\004\071\000\040\004\077\004\060\004\072\004\065\004\102\004\075\004\113\004\071\000\040\004\074\004\065\004\075\004\065\004\064\004\066\004\065\004\100\000\040\004\062\000\040\000<\000<\004\020\004\073\004\114\004\102\000\040\004\037\004\073\004\060\004\102\004\104\004\076\004\100\004\074\004\060\000>\000>}{chapter.9}% 3
\BOOKMARK [1][-]{section.14}{\376\377\0001\000.\0002\000\040\000A\000P\000T\000:\000\040\004\070\004\075\004\101\004\102\004\100\004\103\004\074\004\065\004\075\004\102\004\113\000\040\004\103\004\077\004\100\004\060\004\062\004\073\004\065\004\075\004\070\004\117\000\040\004\077\004\060\004\072\004\065\004\102\004\060\004\074\004\070}{chapter.9}% 4
\BOOKMARK [1][-]{section.16}{\376\377\0001\000.\0003\000\040\004\022\004\076\004\077\004\100\004\076\004\101\004\113\000\040\004\064\004\073\004\117\000\040\004\101\004\060\004\074\004\076\004\077\004\100\004\076\004\062\004\065\004\100\004\072\004\070}{chapter.9}% 5
\BOOKMARK [0][-]{chapter.27}{\376\377\0002\000\040\004\036\004\101\004\075\004\076\004\062\004\075\004\113\004\065\000\040\004\072\004\076\004\074\004\060\004\075\004\064\004\113\000\040\004\077\004\060\004\072\004\065\004\102\004\075\004\076\004\063\004\076\000\040\004\074\004\065\004\075\004\065\004\064\004\066\004\065\004\100\004\060\000\040\000R\000P\000M}{}% 6
\BOOKMARK [1][-]{section.29}{\376\377\0002\000.\0001\000\040\004\043\004\101\004\102\004\060\004\075\004\076\004\062\004\072\004\060\000\040\000R\000P\000M\000-\004\077\004\060\004\072\004\065\004\102\004\060}{chapter.27}% 7
\BOOKMARK [1][-]{section.31}{\376\377\0002\000.\0002\000\040\004\037\004\100\004\076\004\062\004\065\004\100\004\072\004\060\000\040\004\103\004\101\004\102\004\060\004\075\004\076\004\062\004\072\004\070\000\040\004\077\004\060\004\072\004\065\004\102\004\060\000\040\004\062\000\040\004\101\004\070\004\101\004\102\004\065\004\074\004\065}{chapter.27}% 8
\BOOKMARK [1][-]{section.32}{\376\377\0002\000.\0003\000\040\004\037\004\100\004\076\004\101\004\074\004\076\004\102\004\100\000\040\004\104\004\060\004\071\004\073\004\076\004\062\000\040\004\077\004\060\004\072\004\065\004\102\004\060\000,\000\040\004\103\004\101\004\102\004\060\004\075\004\076\004\062\004\073\004\065\004\075\004\075\004\076\004\063\004\076\000\040\004\062\000\040\004\101\004\070\004\101\004\102\004\065\004\074\004\065}{chapter.27}% 9
\BOOKMARK [1][-]{section.33}{\376\377\0002\000.\0004\000\040\004\037\004\100\004\076\004\101\004\074\004\076\004\102\004\100\000\040\004\075\004\065\004\064\004\060\004\062\004\075\004\076\000\040\004\103\004\101\004\102\004\060\004\075\004\076\004\062\004\073\004\065\004\075\004\075\004\113\004\105\000\040\004\077\004\060\004\072\004\065\004\102\004\076\004\062}{chapter.27}% 10
\BOOKMARK [1][-]{section.34}{\376\377\0002\000.\0005\000\040\004\037\004\076\004\070\004\101\004\072\000\040\004\077\004\060\004\072\004\065\004\102\004\060\000\040\004\062\000\040\004\101\004\070\004\101\004\102\004\065\004\074\004\065}{chapter.27}% 11
\BOOKMARK [1][-]{section.35}{\376\377\0002\000.\0006\000\040\004\037\004\100\004\076\004\062\004\065\004\100\004\072\004\060\000\040\004\104\004\060\004\071\004\073\004\060\000,\000\040\004\076\004\102\004\075\004\076\004\101\004\117\004\111\004\065\004\063\004\076\004\101\004\117\000\040\004\072\000\040\004\077\004\060\004\072\004\065\004\102\004\103}{chapter.27}% 12
\BOOKMARK [1][-]{section.36}{\376\377\0002\000.\0007\000\040\004\022\004\113\004\062\004\076\004\064\000\040\004\070\004\075\004\104\004\076\004\100\004\074\004\060\004\106\004\070\004\070\000\040\004\076\000\040\004\077\004\060\004\072\004\065\004\102\004\065}{chapter.27}% 13
\BOOKMARK [1][-]{section.38}{\376\377\0002\000.\0008\000\040\004\036\004\061\004\075\004\076\004\062\004\073\004\065\004\075\004\070\004\065\000\040\004\077\004\060\004\072\004\065\004\102\004\060}{chapter.27}% 14
\BOOKMARK [1][-]{section.43}{\376\377\0002\000.\0009\000\040\004\022\004\076\004\077\004\100\004\076\004\101\004\113\000\040\004\064\004\073\004\117\000\040\004\101\004\060\004\074\004\076\004\077\004\100\004\076\004\062\004\065\004\100\004\072\004\070}{chapter.27}% 15
\BOOKMARK [0][-]{chapter.51}{\376\377\0003\000\040\004\036\004\061\004\111\004\060\004\117\000\040\004\070\004\075\004\104\004\076\004\100\004\074\004\060\004\106\004\070\004\117\000\040\004\076\000\040\004\101\004\061\004\076\004\100\004\072\004\065\000\040\000R\000P\000M\000-\004\077\004\060\004\072\004\065\004\102\004\060}{}% 16
\BOOKMARK [1][-]{section.53}{\376\377\0003\000.\0001\000\040\004\035\004\060\004\061\004\076\004\100\000\040\004\070\004\075\004\101\004\102\004\100\004\103\004\074\004\065\004\075\004\102\004\076\004\062\000,\000\040\004\075\004\065\004\076\004\061\004\105\004\076\004\064\004\070\004\074\004\113\004\071\000\040\004\064\004\073\004\117\000\040\004\101\004\061\004\076\004\100\004\072\004\070}{chapter.51}% 17
\BOOKMARK [1][-]{section.55}{\376\377\0003\000.\0002\000\040\004\037\004\100\004\076\004\063\004\100\004\060\004\074\004\074\004\075\004\076\004\065\000\040\004\076\004\061\004\065\004\101\004\077\004\065\004\107\004\065\004\075\004\070\004\065\000\040\004\064\004\073\004\117\000\040\004\101\004\061\004\076\004\100\004\072\004\070\000\040\000R\000P\000M\000-\004\077\004\060\004\072\004\065\004\102\004\076\004\062}{chapter.51}% 18
\BOOKMARK [1][-]{section.57}{\376\377\0003\000.\0003\000\040\004\036\004\077\004\070\004\101\004\060\004\075\004\070\004\065\000\040\000R\000P\000M\000-\004\077\004\060\004\072\004\065\004\102\004\060}{chapter.51}% 19
\BOOKMARK [1][-]{section.61}{\376\377\0003\000.\0004\000\040\004\040\004\060\004\061\004\076\004\107\004\065\004\065\000\040\004\077\004\100\004\076\004\101\004\102\004\100\004\060\004\075\004\101\004\102\004\062\004\076\000\040\004\064\004\073\004\117\000\040\004\101\004\061\004\076\004\100\004\072\004\070\000\040\000R\000P\000M\000-\004\077\004\060\004\072\004\065\004\102\004\076\004\062}{chapter.51}% 20
\BOOKMARK [1][-]{section.67}{\376\377\0003\000.\0005\000\040\004\036\004\077\004\070\004\101\004\060\004\075\004\070\004\065\000\040\000S\000P\000E\000C\000-\004\104\004\060\004\071\004\073\004\060}{chapter.51}% 21
\BOOKMARK [1][-]{section.73}{\376\377\0003\000.\0006\000\040\004\037\004\100\004\070\004\074\004\065\004\100\000\040\000.\000s\000p\000e\000c\000-\004\104\004\060\004\071\004\073\004\060}{chapter.51}% 22
\BOOKMARK [1][-]{section.76}{\376\377\0003\000.\0007\000\040\000R\000P\000M\000\040\004\074\004\060\004\072\004\100\004\076\004\101\004\113}{chapter.51}% 23
\BOOKMARK [1][-]{section.80}{\376\377\0003\000.\0008\000\040\004\022\004\076\004\077\004\100\004\076\004\101\004\113\000\040\004\064\004\073\004\117\000\040\004\101\004\060\004\074\004\076\004\077\004\100\004\076\004\062\004\065\004\100\004\072\004\070}{chapter.51}% 24
\BOOKMARK [0][-]{chapter.91}{\376\377\0004\000\040\004\030\004\075\004\101\004\102\004\100\004\103\004\074\004\065\004\075\004\102\000\040\000G\000e\000a\000r}{}% 25
\BOOKMARK [1][-]{section.94}{\376\377\0004\000.\0001\000\040\004\041\004\102\004\100\004\103\004\072\004\102\004\103\004\100\004\060\000\040\004\100\004\065\004\077\004\076\004\067\004\070\004\102\004\076\004\100\004\070\004\117}{chapter.91}% 26
\BOOKMARK [1][-]{section.95}{\376\377\0004\000.\0002\000\040\004\037\004\100\004\060\004\062\004\070\004\073\004\060\000\040\004\115\004\072\004\101\004\077\004\076\004\100\004\102\004\060}{chapter.91}% 27
\BOOKMARK [1][-]{section.96}{\376\377\0004\000.\0003\000\040\004\036\004\101\004\075\004\076\004\062\004\075\004\113\004\065\000\040\004\102\004\070\004\077\004\113\000\040\004\103\004\101\004\102\004\100\004\076\004\071\004\101\004\102\004\062\004\060\000\040\000g\000e\000a\000r\000-\004\100\004\065\004\077\004\076\004\067\004\070\004\102\004\076\004\100\004\070\004\117}{chapter.91}% 28
\BOOKMARK [1][-]{section.98}{\376\377\0004\000.\0004\000\040\004\021\004\113\004\101\004\102\004\100\004\113\004\071\000\040\004\101\004\102\004\060\004\100\004\102\000\040\000G\000e\000a\000r}{chapter.91}% 29
\BOOKMARK [1][-]{section.99}{\376\377\0004\000.\0005\000\040\004\022\004\076\004\077\004\100\004\076\004\101\004\113\000\040\004\064\004\073\004\117\000\040\004\101\004\060\004\074\004\076\004\077\004\100\004\076\004\062\004\065\004\100\004\072\004\070}{chapter.91}% 30
\BOOKMARK [0][-]{chapter.100}{\376\377\0005\000\040\004\030\004\075\004\101\004\102\004\100\004\103\004\074\004\065\004\075\004\102\000\040\000H\000a\000s\000h\000e\000r}{}% 31
\BOOKMARK [1][-]{section.101}{\376\377\0005\000.\0001\000\040\004\036\004\077\004\070\004\101\004\060\004\075\004\070\004\065\000\040\004\101\004\070\004\101\004\102\004\065\004\074\004\113\000\040\000H\000a\000s\000h\000e\000r}{chapter.100}% 32
\BOOKMARK [1][-]{section.102}{\376\377\0005\000.\0002\000\040\004\037\004\100\004\070\004\075\004\106\004\070\004\077\000\040\004\064\004\065\004\071\004\101\004\102\004\062\004\070\004\117}{chapter.100}% 33
\BOOKMARK [1][-]{section.103}{\376\377\0005\000.\0003\000\040\004\035\004\060\004\101\004\102\004\100\004\076\004\071\004\072\004\060\000\040\000H\000a\000s\000h\000e\000r}{chapter.100}% 34
\BOOKMARK [1][-]{section.107}{\376\377\0005\000.\0004\000\040\004\041\004\061\004\076\004\100\004\072\004\060\000\040\004\062\000\040\000H\000a\000s\000h\000e\000r}{chapter.100}% 35
\BOOKMARK [1][-]{section.111}{\376\377\0005\000.\0005\000\040\004\041\004\061\004\076\004\100\004\076\004\107\004\075\004\113\004\065\000\040\004\067\004\060\004\062\004\070\004\101\004\070\004\074\004\076\004\101\004\102\004\070}{chapter.100}% 36
\BOOKMARK [1][-]{section.113}{\376\377\0005\000.\0006\000\040\004\041\004\077\004\100\004\060\004\062\004\076\004\107\004\075\004\060\004\117\000\040\004\101\004\102\004\100\004\060\004\075\004\070\004\106\004\060\000\040\000H\000a\000s\000h\000e\000r}{chapter.100}% 37
\BOOKMARK [1][-]{section.115}{\376\377\0005\000.\0007\000\040\004\034\004\076\004\075\004\102\004\070\004\100\004\076\004\062\004\060\004\075\004\070\004\065\000\040\004\104\004\060\004\071\004\073\004\076\004\062\004\113\004\105\000\040\004\101\004\070\004\101\004\102\004\065\004\074\000\040\004\062\004\075\004\103\004\102\004\100\004\070\000\040\000H\000a\000s\000h\000e\000r}{chapter.100}% 38
\BOOKMARK [1][-]{section.121}{\376\377\0005\000.\0008\000\040\004\022\004\076\004\077\004\100\004\076\004\101\004\113\000\040\004\064\004\073\004\117\000\040\004\101\004\060\004\074\004\076\004\077\004\100\004\076\004\062\004\065\004\100\004\072\004\070}{chapter.100}% 39
\BOOKMARK [0][-]{chapter.132}{\376\377\0006\000\040\004\037\004\100\004\070\004\074\004\065\004\100\004\113\000\040\004\070\004\101\004\077\004\076\004\073\004\114\004\067\004\076\004\062\004\060\004\075\004\070\004\117\000\040\004\070\004\075\004\101\004\102\004\100\004\103\004\074\004\065\004\075\004\102\004\076\004\062\000\040\004\036\004\041\000\040\004\020\004\073\004\114\004\102\000\040\004\064\004\073\004\117\000\040\004\101\004\061\004\076\004\100\004\072\004\070\000\040\004\077\004\060\004\072\004\065\004\102\004\076\004\062}{}% 40
\BOOKMARK [1][-]{section.133}{\376\377\0006\000.\0001\000\040\004\037\004\076\004\064\004\063\004\076\004\102\004\076\004\062\004\072\004\060\000\040\004\077\004\100\004\076\004\101\004\102\004\100\004\060\004\075\004\101\004\102\004\062\004\060}{chapter.132}% 41
\BOOKMARK [1][-]{section.138}{\376\377\0006\000.\0002\000\040\004\035\004\060\004\077\004\070\004\101\004\060\004\075\004\070\004\065\000\040\000S\000P\000E\000C\000-\004\104\004\060\004\071\004\073\004\060\000\040\004\070\000\040\004\077\004\100\004\060\004\062\004\070\004\073\000\040\000G\000e\000a\000r}{chapter.132}% 42
\BOOKMARK [1][-]{section.139}{\376\377\0006\000.\0003\000\040\004\036\004\077\004\070\004\101\004\060\004\075\004\070\004\065\000\040\004\077\004\060\004\072\004\065\004\102\004\060\000\040\004\101\000\040\004\070\004\101\004\105\004\076\004\064\004\075\004\113\004\074\004\070\000\040\004\102\004\065\004\072\004\101\004\102\004\060\004\074\004\070\000\040\004\075\004\060\000\040\000C\000+\000+}{chapter.132}% 43
\BOOKMARK [0][-]{chapter*.140}{\376\377\004\027\004\060\004\072\004\073\004\116\004\107\004\065\004\075\004\070\004\065}{}% 44
